Build started 2015-06-12 오후 4:11:44.
     1>Project "C:\Users\1602\DS_project\data_structure\data_structure\data_structure.vcxproj" on node 2 (ClCompile target(s)).
     1>ClCompile:
         c:\Program Files (x86)\Microsoft Visual Studio 10.0\VC\bin\CL.exe /c /ZI /nologo /W3 /WX- /Od /Oy- /D WIN32 /D _DEBUG /D _CONSOLE /D _UNICODE /D UNICODE /Gm /EHsc /RTC1 /MDd /GS /fp:precise /Zc:wchar_t /Zc:forScope /Fo"Debug\\" /Fd"Debug\vc100.pdb" /Gd /TP /analyze- /errorReport:prompt Stackmanager.cpp
         Stackmanager.cpp
     1>c:\users\1602\ds_project\data_structure\data_structure\datatype.h(60): error C2561: 'Stack<T>::pop' : function must return a value
                 with
                 [
                     T=char
                 ]
                 c:\users\1602\ds_project\data_structure\data_structure\datatype.h(17) : see declaration of 'Stack<T>::pop'
                 with
                 [
                     T=char
                 ]
                 c:\users\1602\ds_project\data_structure\data_structure\datatype.h(57) : while compiling class template member function 'char Stack<T>::pop(void)'
                 with
                 [
                     T=char
                 ]
                 c:\users\1602\ds_project\data_structure\data_structure\stackmanager.cpp(27) : see reference to class template instantiation 'Stack<T>' being compiled
                 with
                 [
                     T=char
                 ]
     1>Done Building Project "C:\Users\1602\DS_project\data_structure\data_structure\data_structure.vcxproj" (ClCompile target(s)) -- FAILED.

Build FAILED.

Time Elapsed 00:00:00.50
